mode: set
investaBackend/business/proyek_mitra/usecase.go:13.76,18.2 1 0
investaBackend/business/proyek_mitra/usecase.go:20.87,22.16 2 0
investaBackend/business/proyek_mitra/usecase.go:25.2,25.20 1 0
investaBackend/business/proyek_mitra/usecase.go:22.16,24.3 1 0
investaBackend/business/proyek_mitra/usecase.go:28.101,30.16 2 0
investaBackend/business/proyek_mitra/usecase.go:33.2,33.25 1 0
investaBackend/business/proyek_mitra/usecase.go:30.16,32.3 1 0
investaBackend/business/proyek_mitra/usecase.go:36.107,38.16 2 0
investaBackend/business/proyek_mitra/usecase.go:41.2,41.25 1 0
investaBackend/business/proyek_mitra/usecase.go:38.16,40.3 1 0
investaBackend/business/proyek_mitra/usecase.go:44.104,46.16 2 0
investaBackend/business/proyek_mitra/usecase.go:49.2,49.25 1 0
investaBackend/business/proyek_mitra/usecase.go:46.16,48.3 1 0
investaBackend/business/proyek_mitra/usecase.go:52.112,54.16 2 0
investaBackend/business/proyek_mitra/usecase.go:57.2,57.25 1 0
investaBackend/business/proyek_mitra/usecase.go:54.16,56.3 1 0
investaBackend/business/proyek_mitra/usecase.go:60.99,62.16 2 0
investaBackend/business/proyek_mitra/usecase.go:65.2,65.25 1 0
investaBackend/business/proyek_mitra/usecase.go:62.16,64.3 1 0
investaBackend/business/investasi/usecase.go:13.90,18.2 1 1
investaBackend/business/investasi/usecase.go:20.120,23.16 2 1
investaBackend/business/investasi/usecase.go:26.2,26.20 1 1
investaBackend/business/investasi/usecase.go:23.16,25.3 1 0
investaBackend/business/investasi/usecase.go:28.117,30.16 2 1
investaBackend/business/investasi/usecase.go:33.2,33.19 1 1
investaBackend/business/investasi/usecase.go:30.16,32.3 1 0
investaBackend/business/sektor/usecase.go:13.81,18.2 1 1
investaBackend/business/sektor/usecase.go:20.96,23.16 2 1
investaBackend/business/sektor/usecase.go:26.2,26.21 1 1
investaBackend/business/sektor/usecase.go:23.16,25.3 1 0
investaBackend/business/users/usecase.go:18.130,24.2 1 0
investaBackend/business/users/usecase.go:26.97,27.18 1 0
investaBackend/business/users/usecase.go:30.2,30.20 1 0
investaBackend/business/users/usecase.go:34.2,36.16 2 0
investaBackend/business/users/usecase.go:39.2,39.52 1 0
investaBackend/business/users/usecase.go:42.2,44.20 2 0
investaBackend/business/users/usecase.go:27.18,29.3 1 0
investaBackend/business/users/usecase.go:30.20,32.3 1 0
investaBackend/business/users/usecase.go:36.16,38.3 1 0
investaBackend/business/users/usecase.go:39.52,41.3 1 0
investaBackend/business/users/usecase.go:47.80,52.47 4 0
investaBackend/business/users/usecase.go:55.2,58.16 3 0
investaBackend/business/users/usecase.go:61.2,63.17 2 0
investaBackend/business/users/usecase.go:67.2,67.12 1 0
investaBackend/business/users/usecase.go:52.47,54.3 1 0
investaBackend/business/users/usecase.go:58.16,60.3 1 0
investaBackend/business/users/usecase.go:63.17,65.3 1 0
investaBackend/business/bank/usecase.go:13.80,18.2 1 1
investaBackend/business/bank/usecase.go:20.92,23.16 2 1
investaBackend/business/bank/usecase.go:26.2,26.19 1 1
investaBackend/business/bank/usecase.go:23.16,25.3 1 0
investaBackend/business/bank/usecase.go:28.83,31.16 2 0
investaBackend/business/bank/usecase.go:34.2,34.19 1 0
investaBackend/business/bank/usecase.go:31.16,33.3 1 0
