mode: set
investaBackend/business/investasi/usecase.go:13.90,18.2 1 1
investaBackend/business/investasi/usecase.go:20.120,23.16 2 1
investaBackend/business/investasi/usecase.go:26.2,26.20 1 1
investaBackend/business/investasi/usecase.go:23.16,25.3 1 0
investaBackend/business/investasi/usecase.go:28.117,30.16 2 1
investaBackend/business/investasi/usecase.go:33.2,33.19 1 1
investaBackend/business/investasi/usecase.go:30.16,32.3 1 0
investaBackend/business/bank/usecase.go:14.80,19.2 1 1
investaBackend/business/bank/usecase.go:21.92,24.16 2 1
investaBackend/business/bank/usecase.go:27.2,27.19 1 1
investaBackend/business/bank/usecase.go:24.16,26.3 1 1
investaBackend/business/bank/usecase.go:29.83,32.16 2 0
investaBackend/business/bank/usecase.go:35.2,35.19 1 0
investaBackend/business/bank/usecase.go:32.16,34.3 1 0
investaBackend/business/sektor/usecase.go:13.81,18.2 1 1
investaBackend/business/sektor/usecase.go:20.96,23.16 2 1
investaBackend/business/sektor/usecase.go:26.2,26.21 1 1
investaBackend/business/sektor/usecase.go:23.16,25.3 1 0
investaBackend/business/proyek_mitra/usecase.go:14.76,19.2 1 1
investaBackend/business/proyek_mitra/usecase.go:21.87,23.16 2 1
investaBackend/business/proyek_mitra/usecase.go:26.2,26.20 1 1
investaBackend/business/proyek_mitra/usecase.go:23.16,25.3 1 1
investaBackend/business/proyek_mitra/usecase.go:29.101,31.16 2 1
investaBackend/business/proyek_mitra/usecase.go:34.2,34.25 1 1
investaBackend/business/proyek_mitra/usecase.go:31.16,33.3 1 1
investaBackend/business/proyek_mitra/usecase.go:37.107,39.16 2 1
investaBackend/business/proyek_mitra/usecase.go:42.2,42.25 1 1
investaBackend/business/proyek_mitra/usecase.go:39.16,41.3 1 1
investaBackend/business/proyek_mitra/usecase.go:45.104,47.16 2 0
investaBackend/business/proyek_mitra/usecase.go:50.2,50.25 1 0
investaBackend/business/proyek_mitra/usecase.go:47.16,49.3 1 0
investaBackend/business/proyek_mitra/usecase.go:53.112,55.16 2 0
investaBackend/business/proyek_mitra/usecase.go:58.2,58.25 1 0
investaBackend/business/proyek_mitra/usecase.go:55.16,57.3 1 0
investaBackend/business/proyek_mitra/usecase.go:61.99,63.16 2 0
investaBackend/business/proyek_mitra/usecase.go:66.2,66.25 1 0
investaBackend/business/proyek_mitra/usecase.go:63.16,65.3 1 0
investaBackend/business/users/usecase.go:18.130,24.2 1 0
investaBackend/business/users/usecase.go:26.97,27.18 1 0
investaBackend/business/users/usecase.go:30.2,30.20 1 0
investaBackend/business/users/usecase.go:34.2,36.16 2 0
investaBackend/business/users/usecase.go:39.2,39.52 1 0
investaBackend/business/users/usecase.go:42.2,44.20 2 0
investaBackend/business/users/usecase.go:27.18,29.3 1 0
investaBackend/business/users/usecase.go:30.20,32.3 1 0
investaBackend/business/users/usecase.go:36.16,38.3 1 0
investaBackend/business/users/usecase.go:39.52,41.3 1 0
investaBackend/business/users/usecase.go:47.80,52.47 4 0
investaBackend/business/users/usecase.go:55.2,58.16 3 0
investaBackend/business/users/usecase.go:61.2,63.17 2 0
investaBackend/business/users/usecase.go:67.2,67.12 1 0
investaBackend/business/users/usecase.go:52.47,54.3 1 0
investaBackend/business/users/usecase.go:58.16,60.3 1 0
investaBackend/business/users/usecase.go:63.17,65.3 1 0
