mode: set
investaBackend/business/proyek_mitra/usecase.go:13.76,18.2 1 0
investaBackend/business/proyek_mitra/usecase.go:20.87,22.16 2 0
investaBackend/business/proyek_mitra/usecase.go:25.2,25.20 1 0
investaBackend/business/proyek_mitra/usecase.go:22.16,24.3 1 0
investaBackend/business/proyek_mitra/usecase.go:28.101,30.16 2 0
investaBackend/business/proyek_mitra/usecase.go:33.2,33.25 1 0
investaBackend/business/proyek_mitra/usecase.go:30.16,32.3 1 0
investaBackend/business/proyek_mitra/usecase.go:36.107,38.16 2 0
investaBackend/business/proyek_mitra/usecase.go:41.2,41.25 1 0
investaBackend/business/proyek_mitra/usecase.go:38.16,40.3 1 0
investaBackend/business/proyek_mitra/usecase.go:44.104,46.16 2 0
investaBackend/business/proyek_mitra/usecase.go:49.2,49.25 1 0
investaBackend/business/proyek_mitra/usecase.go:46.16,48.3 1 0
investaBackend/business/proyek_mitra/usecase.go:52.112,54.16 2 0
investaBackend/business/proyek_mitra/usecase.go:57.2,57.25 1 0
investaBackend/business/proyek_mitra/usecase.go:54.16,56.3 1 0
investaBackend/business/proyek_mitra/usecase.go:60.99,62.16 2 0
investaBackend/business/proyek_mitra/usecase.go:65.2,65.25 1 0
investaBackend/business/proyek_mitra/usecase.go:62.16,64.3 1 0
